<?xml version="1.0" encoding="UTF-8" ?>
<testsuite tests="6" failures="0" name="com.fabrikam.dronedelivery.deliveryscheduler.scheduler.services.ValidateModelsAndUtilsTest" time="0" errors="0" skipped="0">
  <properties>
[...]
</properties>
  <testcase classname="com.fabrikam.dronedelivery.deliveryscheduler.scheduler.services.ValidateModelsAndUtilsTest" name="validateSetEnvironmentVariableHttpProxy" time="0"/>
  <testcase classname="com.fabrikam.dronedelivery.deliveryscheduler.scheduler.services.ValidateModelsAndUtilsTest" name="validateSetEnvironmentVariable" time="0"/>
  <testcase classname="com.fabrikam.dronedelivery.deliveryscheduler.scheduler.services.ValidateModelsAndUtilsTest" name="validateSerializationWithJackson" time="0"/>
  <testcase classname="com.fabrikam.dronedelivery.deliveryscheduler.scheduler.services.ValidateModelsAndUtilsTest" name="validateParseDeliveryWithSpecificPayload" time="0"/>
  <testcase classname="com.fabrikam.dronedelivery.deliveryscheduler.scheduler.services.ValidateModelsAndUtilsTest" name="validateSerializationWithGson" time="0"/>
  <testcase classname="com.fabrikam.dronedelivery.deliveryscheduler.scheduler.services.ValidateModelsAndUtilsTest" name="validateParseEnvironmentVariable" time="0"/>
</testsuite>